<?xml version="1.0" encoding="UTF-8"?>
<!-- Generated by org.testng.reporters.JUnitReportReporter -->
<testsuite hostname="lenovo-pc" failures="0" tests="1" name="tests.LogiTest" time="125.916" errors="0" timestamp="2022-12-01T13:00:05 IST" skipped="0">
  <testcase classname="tests.LogiTest" name="login" time="125.916"/>
  <system-out/>
</testsuite> <!-- tests.LogiTest -->
