<?xml version="1.0" encoding="UTF-8"?>
<!-- Generated by org.testng.reporters.JUnitReportReporter -->
<testsuite hostname="lenovo-pc" failures="0" tests="1" name="tests.Testtwo" time="90.824" errors="0" timestamp="2022-12-01T13:00:05 IST" skipped="0">
  <testcase classname="tests.Testtwo" name="test2" time="90.824"/>
  <system-out/>
</testsuite> <!-- tests.Testtwo -->
